[35m[1mConsolidate compiler generated dependencies of target demo02_param_client[0m
[ 33%] Built target demo01_param_server
[ 66%] Built target demo00_param
[ 83%] [32mBuilding CXX object CMakeFiles/demo02_param_client.dir/src/demo02_param_client.cpp.o[0m
[01m[K/home/cl/CLionProjects/ws01_plumbing/src/cpp04_param/src/demo02_param_client.cpp:56:2:[m[K [01;31m[Kerror: [m[Kexpected â€˜[01m[K}[m[Kâ€™ at end of input
   56 | }
      |  [01;31m[K^[m[K
[01m[K/home/cl/CLionProjects/ws01_plumbing/src/cpp04_param/src/demo02_param_client.cpp:5:39:[m[K [01;36m[Knote: [m[Kto match this â€˜[01m[K{[m[Kâ€™
    5 | class ParamClient: public rclcpp::Node[01;36m[K{[m[K
      |                                       [01;36m[K^[m[K
[01m[K/home/cl/CLionProjects/ws01_plumbing/src/cpp04_param/src/demo02_param_client.cpp:[m[K In constructor â€˜[01m[KParamClient::ParamClient()[m[Kâ€™:
[01m[K/home/cl/CLionProjects/ws01_plumbing/src/cpp04_param/src/demo02_param_client.cpp:9:9:[m[K [01;31m[Kerror: [m[Kâ€˜[01m[Kparam_client_[m[Kâ€™ was not declared in this scope; did you mean â€˜[01m[KParamClient[m[Kâ€™?
    9 |         [01;31m[Kparam_client_[m[K = std::make_shared<rclcpp::SyncParametersClient>(this,"param_server_node_cpp");
      |         [01;31m[K^~~~~~~~~~~~~[m[K
      |         [32m[KParamClient[m[K
[01m[K/home/cl/CLionProjects/ws01_plumbing/src/cpp04_param/src/demo02_param_client.cpp:[m[K In member function â€˜[01m[Kbool ParamClient::connect_server()[m[Kâ€™:
[01m[K/home/cl/CLionProjects/ws01_plumbing/src/cpp04_param/src/demo02_param_client.cpp:12:17:[m[K [01;31m[Kerror: [m[Kâ€˜[01m[Kparam_client_[m[Kâ€™ was not declared in this scope; did you mean â€˜[01m[KParamClient[m[Kâ€™?
   12 |         while (![01;31m[Kparam_client_[m[K->wait_for_service(1s)) {
      |                 [01;31m[K^~~~~~~~~~~~~[m[K
      |                 [32m[KParamClient[m[K
[01m[K/home/cl/CLionProjects/ws01_plumbing/src/cpp04_param/src/demo02_param_client.cpp:[m[K In member function â€˜[01m[Kvoid ParamClient::get_param()[m[Kâ€™:
[01m[K/home/cl/CLionProjects/ws01_plumbing/src/cpp04_param/src/demo02_param_client.cpp:22:32:[m[K [01;31m[Kerror: [m[Kâ€˜[01m[Kparam_client_[m[Kâ€™ was not declared in this scope; did you mean â€˜[01m[KParamClient[m[Kâ€™?
   22 |         std::string car_name = [01;31m[Kparam_client_[m[K->get_parameter<std::string>("car_name");
      |                                [01;31m[K^~~~~~~~~~~~~[m[K
      |                                [32m[KParamClient[m[K
[01m[K/home/cl/CLionProjects/ws01_plumbing/src/cpp04_param/src/demo02_param_client.cpp:22:72:[m[K [01;31m[Kerror: [m[Kexpected primary-expression before â€˜[01m[K>[m[Kâ€™ token
   22 |         std::string car_name = param_client_->get_parameter<std::string[01;31m[K>[m[K("car_name");
      |                                                                        [01;31m[K^[m[K
[01m[K/home/cl/CLionProjects/ws01_plumbing/src/cpp04_param/src/demo02_param_client.cpp:23:53:[m[K [01;31m[Kerror: [m[Kexpected primary-expression before â€˜[01m[Kdouble[m[Kâ€™
   23 |         double width = param_client_->get_parameter<[01;31m[Kdouble[m[K>("width");
      |                                                     [01;31m[K^~~~~~[m[K
[01m[K/home/cl/CLionProjects/ws01_plumbing/src/cpp04_param/src/demo02_param_client.cpp:[m[K In member function â€˜[01m[Kvoid ParamClient::update_param()[m[Kâ€™:
[01m[K/home/cl/CLionProjects/ws01_plumbing/src/cpp04_param/src/demo02_param_client.cpp:35:9:[m[K [01;31m[Kerror: [m[Kâ€˜[01m[Kparam_client_[m[Kâ€™ was not declared in this scope; did you mean â€˜[01m[KParamClient[m[Kâ€™?
   35 |         [01;31m[Kparam_client_[m[K->set_parameters({rclcpp::Parameter("car_name","pig"),rclcpp::Parameter("width",3.0),rclcpp::Parameter("length",5.0));
      |         [01;31m[K^~~~~~~~~~~~~[m[K
      |         [32m[KParamClient[m[K
[01m[K/home/cl/CLionProjects/ws01_plumbing/src/cpp04_param/src/demo02_param_client.cpp:35:138:[m[K [01;31m[Kerror: [m[Kexpected â€˜[01m[K}[m[Kâ€™ before â€˜[01m[K)[m[Kâ€™ token
   35 |         param_client_->set_parameters({rclcpp::Parameter("car_name","pig"),rclcpp::Parameter("width",3.0),rclcpp::Parameter("length",5.0)[01;31m[K)[m[K;
      |                                                                                                                                          [01;31m[K^[m[K
[01m[K/home/cl/CLionProjects/ws01_plumbing/src/cpp04_param/src/demo02_param_client.cpp:35:39:[m[K [01;36m[Knote: [m[Kto match this â€˜[01m[K{[m[Kâ€™
   35 |         param_client_->set_parameters([01;36m[K{[m[Krclcpp::Parameter("car_name","pig"),rclcpp::Parameter("width",3.0),rclcpp::Parameter("length",5.0));
      |                                       [01;36m[K^[m[K
[01m[K/home/cl/CLionProjects/ws01_plumbing/src/cpp04_param/src/demo02_param_client.cpp:[m[K At global scope:
[01m[K/home/cl/CLionProjects/ws01_plumbing/src/cpp04_param/src/demo02_param_client.cpp:56:2:[m[K [01;31m[Kerror: [m[Kexpected unqualified-id at end of input
   56 | }
      |  [01;31m[K^[m[K
gmake[2]: *** [CMakeFiles/demo02_param_client.dir/build.make:76ï¼šCMakeFiles/demo02_param_client.dir/src/demo02_param_client.cpp.o] é”™è¯¯ 1
gmake[1]: *** [CMakeFiles/Makefile2:193ï¼šCMakeFiles/demo02_param_client.dir/all] é”™è¯¯ 2
gmake: *** [Makefile:146ï¼šall] é”™è¯¯ 2
